<?xml version="1.0" encoding="UTF-8"?>
<testsuite xmlns:xsi="http://www.w3.org/2001/XMLSchema-instance" xsi:noNamespaceSchemaLocation="https://maven.apache.org/surefire/maven-surefire-plugin/xsd/surefire-test-report.xsd" version="3.0.1" name="com.example.JUnitDemo.CalculatorTest" time="0.054" tests="2" errors="0" skipped="0" failures="0">
  <properties>
[...]
</properties>
  <testcase name="testAddition" classname="com.example.JUnitDemo.CalculatorTest" time="0.035">
    <system-out><![CDATA[Setup: Calculator created.
Teardown: Calculator cleaned up.
]]></system-out>
  </testcase>
  <testcase name="testAdditionWithNegativeNumbers" classname="com.example.JUnitDemo.CalculatorTest" time="0.003">
    <system-out><![CDATA[Setup: Calculator created.
Teardown: Calculator cleaned up.
]]></system-out>
  </testcase>
</testsuite>